Arguments: 
  /home/lenovo/.fnm/node-versions/v16.13.2/installation/bin/node /tmp/fnm_multishells/10030_1642869046697/bin/yarn

PATH: 
  /tmp/fnm_multishells/10030_1642869046697/bin:/home/lenovo/.fnm:/home/lenovo/.cargo/bin:/usr/local/sbin:/usr/local/bin:/usr/sbin:/usr/bin:/sbin:/bin:/usr/games:/usr/local/games:/snap/bin

Yarn version: 
  1.22.17

Node version: 
  16.13.2

Platform: 
  linux x64

Trace: 
  Error: connect EHOSTUNREACH 104.16.27.35:443
      at TCPConnectWrap.afterConnect [as oncomplete] (node:net:1161:16)

npm manifest: 
  {
    "name": "demo-cdk",
    "version": "0.1.0",
    "bin": {
      "demo-cdk": "bin/demo-cdk.js"
    },
    "scripts": {
      "build": "tsc",
      "watch": "tsc -w",
      "test": "jest",
      "cdk": "cdk"
    },
    "devDependencies": {
      "@types/jest": "^26.0.10",
      "@types/node": "10.17.27",
      "jest": "^26.4.2",
      "ts-jest": "^26.2.0",
      "aws-cdk": "2.8.0",
      "ts-node": "^9.0.0",
      "typescript": "~3.9.7"
    },
    "dependencies": {
      "aws-cdk-lib": "2.8.0",
      "constructs": "^10.0.0",
      "source-map-support": "^0.5.16"
    }
  }

yarn manifest: 
  No manifest

Lockfile: 
  No lockfile
